ď»ż
> nextn@0.1.0 build
> next build

  Î“Ă»â–“ Next.js 14.2.35

   Creating an optimized production build ...
node.exe : Browserslist: 
caniuse-lite is outdated. Please 
run:
At line:1 char:1
+ & "C:\Program 
Files\nodejs/node.exe" "C:\Program 
Files\nodejs/node_mo ...
+ ~~~~~~~~~~~~~~~~~~~~~~~~~~~~~~~~~
~~~~~~~~~~~~~~~~~~~~~~~~~~~~~~~~~~~
~
    + CategoryInfo          : NotS 
   pecified: (Browserslist: c...e  
  d. Please run::String) [], Rem   
 oteException
    + FullyQualifiedErrorId : Nati 
   veCommandError
 
  npx update-browserslist-db@latest
  Why you should do it regularly: h
ttps://github.com/browserslist/upda
te-db#readme
 Î“ĂśĂˇ Compiled with warnings

./node_modules/require-in-the-middl
e/index.js
Critical dependency: require 
function is used in a way in which 
dependencies cannot be statically 
extracted

Import trace for requested module:
./node_modules/require-in-the-middl
e/index.js
./node_modules/@opentelemetry/instr
umentation/build/esm/platform/node/
instrumentation.js
./node_modules/@opentelemetry/instr
umentation/build/esm/platform/node/
index.js
./node_modules/@opentelemetry/instr
umentation/build/esm/platform/index
.js
./node_modules/@opentelemetry/instr
umentation/build/esm/index.js
./node_modules/@opentelemetry/sdk-n
ode/build/src/sdk.js
./node_modules/@opentelemetry/sdk-n
ode/build/src/index.js
./node_modules/@genkit-ai/core/lib/
tracing/node-telemetry-provider.js
./node_modules/@genkit-ai/core/lib/
node.js
./node_modules/genkit/lib/common.js
./node_modules/genkit/lib/index.mjs
./src/ai/genkit.ts
./src/ai/flows/faq-agent.ts

 Î“ÂŁĂ´ Compiled successfully
   Skipping validation of types
   Skipping linting
   Collecting page data ...
   Generating static pages (0/49) ...
   Generating static pages (12/49) 
   Generating static pages (24/49) 
   Generating static pages (36/49) 
 Î“ÂŁĂ´ Generating static pages (49/49)
   Finalizing page optimization ...
   Collecting build traces ...

Route (app)                              Size     First Load JS
Î“Ă¶Ă® Î“ĂąĂŻ /                                    16.1 kB         135 kB
Î“Ă¶ÂŁ Î“ĂąĂŻ /_not-found                          880 B          88.4 kB
Î“Ă¶ÂŁ Î“ĂąĂŻ /admin                               6.64 kB         275 kB
Î“Ă¶ÂŁ Î“ĂąĂŻ /admin/agent-requests                5.63 kB         229 kB
Î“Ă¶ÂŁ Î“ĂąĂŻ /admin/coin-buyers                   4.88 kB         222 kB
Î“Ă¶ÂŁ Î“ĂąĂŻ /admin/guardians                     4.72 kB         228 kB
Î“Ă¶ÂŁ Î“ĂąĂŻ /admin/revenue                       6.14 kB         240 kB
Î“Ă¶ÂŁ Î“ĂąĂŻ /admin/rewards                       5.11 kB         219 kB
Î“Ă¶ÂŁ Î“ĂąĂŻ /admin/rules                         4.08 kB         229 kB
Î“Ă¶ÂŁ Î“ĂąĂŻ /admin/treasury                      6.35 kB         263 kB
Î“Ă¶ÂŁ Î“ĂąĂŻ /admin/users                         4.01 kB         278 kB
Î“Ă¶ÂŁ Î“ĂąĂŻ /admin/violators                     6.2 kB          273 kB
Î“Ă¶ÂŁ Î“ĂąĂŻ /admin/vips                          4.85 kB         228 kB
Î“Ă¶ÂŁ Î“ĂąĂŻ /admin/withdrawals                   7.86 kB         263 kB
Î“Ă¶ÂŁ Î“ĂąĂŻ /agent                               6.67 kB         221 kB
Î“Ă¶ÂŁ â•žĂ† /api/admin/revenue-withdrawal        0 B                0 B
Î“Ă¶ÂŁ â•žĂ† /api/admin/withdrawals               0 B                0 B
Î“Ă¶ÂŁ â•žĂ† /api/gift/send                       0 B                0 B
Î“Ă¶ÂŁ â•žĂ† /api/payments/lenco/checkout         0 B                0 B
Î“Ă¶ÂŁ â•žĂ† /api/payments/lenco/webhook          0 B                0 B
Î“Ă¶ÂŁ Î“ĂąĂŻ /example                             3.3 kB          217 kB
Î“Ă¶ÂŁ Î“ĂąĂŻ /explore                             5.12 kB         137 kB
Î“Ă¶ÂŁ Î“ĂąĂŻ /handoff                             55.2 kB         159 kB
Î“Ă¶ÂŁ Î“ĂąĂŻ /help                                9.62 kB         252 kB
Î“Ă¶ÂŁ Î“ĂąĂŻ /leaderboards                        3.16 kB         102 kB
Î“Ă¶ÂŁ Î“ĂąĂŻ /levels                              6.55 kB         110 kB
Î“Ă¶ÂŁ Î“ĂąĂŻ /login                               1.86 kB         244 kB
Î“Ă¶ÂŁ Î“ĂąĂŻ /messages                            2.55 kB         101 kB
Î“Ă¶ÂŁ Î“ĂąĂŻ /missions                            4.8 kB          243 kB
Î“Ă¶ÂŁ Î“ĂąĂŻ /moments                             152 B          87.7 kB
Î“Ă¶ÂŁ Î“ĂąĂŻ /party                               12.4 kB         131 kB
Î“Ă¶ÂŁ â•žĂ† /party/[id]                          11 kB           265 kB
Î“Ă¶ÂŁ Î“ĂąĂŻ /party/create                        7.46 kB         232 kB
Î“Ă¶ÂŁ Î“ĂąĂŻ /pk-battles                          304 B            93 kB
Î“Ă¶ÂŁ Î“ĂąĂŻ /profile                             14.3 kB         229 kB
Î“Ă¶ÂŁ Î“ĂąĂŻ /recover                             3 kB            106 kB
Î“Ă¶ÂŁ Î“ĂąĂŻ /screenshots                         7.09 kB         111 kB
Î“Ă¶ÂŁ Î“ĂąĂŻ /shop                                179 B          96.4 kB
Î“Ă¶ÂŁ Î“ĂąĂŻ /shop/coins                          7.07 kB         237 kB
Î“Ă¶ÂŁ Î“ĂąĂŻ /shop/guardian                       152 B          87.7 kB
Î“Ă¶ÂŁ Î“ĂąĂŻ /shop/vip                            152 B          87.7 kB
Î“Ă¶ÂŁ Î“ĂąĂŻ /signup                              2.22 kB         244 kB
Î“Ă¶ÂŁ Î“ĂąĂŻ /store                               304 B            93 kB
Î“Ă¶ÂŁ â•žĂ† /user/[numericId]                    223 B          87.7 kB
Î“Ă¶ÂŁ Î“ĂąĂŻ /wallet                              7.58 kB         242 kB
Î“Ă¶ÂŁ Î“ĂąĂŻ /wallet/coins                        3.61 kB         224 kB
Î“Ă¶ÂŁ Î“ĂąĂŻ /wallet/method                       2.72 kB         252 kB
Î“Ă¶ÂŁ Î“ĂąĂŻ /wallet/points                       4.64 kB         219 kB
Î“Ă¶Ă¶ Î“ĂąĂŻ /wallet/withdraw                     5.71 kB         235 kB
+ First Load JS shared by all            87.5 kB
  Î“Ă¶ÂŁ chunks/2117-941ca18a46904597.js      31.9 kB
  Î“Ă¶ÂŁ chunks/fd9d1056-36f772b4ade5155e.js  53.6 kB
  Î“Ă¶Ă¶ other shared chunks (total)          1.97 kB


Î“ĂąĂŻ  (Static)   prerendered as static content
â•žĂ†  (Dynamic)  server-rendered on demand

